Using pre-set license
Built from '2020.3/staging' branch; Version is '2020.3.46f1 (18bc01a066b4) revision 1620993'; Using compiler version '192528614'; Build Type 'Release'
OS: 'Windows 11  (10.0.22621) 64bit CoreSingleLanguage' Language: 'tr' Physical Memory: 32604 MB
BatchMode: 1, IsHumanControllingUs: 0, StartBugReporterOnCrash: 0, Is64bit: 1, IsPro: 0

COMMAND LINE ARGUMENTS:
C:\Program Files\Unity\Hub\Editor\2020.3.46f1\Editor\Unity.exe
-adb2
-batchMode
-noUpm
-name
AssetImportWorker0
-projectPath
C:/Users/imtur/OneDrive/Masaüstü/FlintFight
-logFile
Logs/AssetImportWorker0.log
-srvPort
55434
Successfully changed project path to: C:/Users/imtur/OneDrive/Masaüstü/FlintFight
C:/Users/imtur/OneDrive/Masaüstü/FlintFight
Using Asset Import Pipeline V2.
Player connection [17736] Host "[IP] 192.168.0.109 [Port] 2953007584 [Flags] 2 [Guid] 3115020065 [EditorId] 3115020065 [Version] 1048832 [Id] WindowsEditor(7,WodeW) [Debug] 1 [PackageName] WindowsEditor [ProjectName] Editor" joined multi-casting on [225.0.0.222:54997]...

Player connection [17736] Host "[IP] 192.168.0.109 [Port] 2953007584 [Flags] 2 [Guid] 3115020065 [EditorId] 3115020065 [Version] 1048832 [Id] WindowsEditor(7,WodeW) [Debug] 1 [PackageName] WindowsEditor [ProjectName] Editor" joined alternative multi-casting on [225.0.0.222:34997]...

Refreshing native plugins compatible for Editor in 1.84 ms, found 0 plugins.
Preloading 0 native plugins for Editor in 0.00 ms.
Initialize engine version: 2020.3.46f1 (18bc01a066b4)
[Subsystems] Discovering subsystems at path C:/Program Files/Unity/Hub/Editor/2020.3.46f1/Editor/Data/Resources/UnitySubsystems
[Subsystems] Discovering subsystems at path C:/Users/imtur/OneDrive/Masaüstü/FlintFight/Assets
GfxDevice: creating device client; threaded=0
Direct3D:
    Version:  Direct3D 11.0 [level 11.1]
    Renderer: NVIDIA GeForce RTX 2060 (ID=0x1f15)
    Vendor:   
    VRAM:     5968 MB
    Driver:   31.0.15.2849
Initialize mono
Mono path[0] = 'C:/Program Files/Unity/Hub/Editor/2020.3.46f1/Editor/Data/Managed'
Mono path[1] = 'C:/Program Files/Unity/Hub/Editor/2020.3.46f1/Editor/Data/MonoBleedingEdge/lib/mono/unityjit'
Mono config path = 'C:/Program Files/Unity/Hub/Editor/2020.3.46f1/Editor/Data/MonoBleedingEdge/etc'
Using monoOptions --debugger-agent=transport=dt_socket,embedding=1,server=y,suspend=n,address=127.0.0.1:56780
Begin MonoManager ReloadAssembly
Registering precompiled unity dll's ...
Register platform support module: C:/Program Files/Unity/Hub/Editor/2020.3.46f1/Editor/Data/PlaybackEngines/WindowsStandaloneSupport/UnityEditor.WindowsStandalone.Extensions.dll
Registered in 0.001999 seconds.
Native extension for WindowsStandalone target not found
Refreshing native plugins compatible for Editor in 1.46 ms, found 0 plugins.
Preloading 0 native plugins for Editor in 0.00 ms.
The file 'ProjectSettings/PackageManagerSettings.asset' seems to have merge conflicts. Please open it in a text editor and fix the merge.
UnityEngine.StackTraceUtility:ExtractStackTrace ()
UnityEditor.ScriptableSingleton`1<UnityEditor.PackageManager.UI.PackageManagerProjectSettings>:CreateAndLoad ()
UnityEditor.ScriptableSingleton`1<UnityEditor.PackageManager.UI.PackageManagerProjectSettings>:get_instance ()
UnityEditor.PackageManager.UI.PackageManagerProjectSettingsProxy:OnEnable ()
UnityEditor.PackageManager.UI.ServicesContainer:Initialize ()
UnityEditor.PackageManager.UI.ServicesContainer:Resolve<UnityEditor.PackageManager.UI.ApplicationProxy> ()
UnityEditor.PackageManager.UI.ScopedRegistryAddedPopup:SubscribeToRegistriesAdded ()
System.Reflection.MonoMethod:Invoke (object,System.Reflection.BindingFlags,System.Reflection.Binder,object[],System.Globalization.CultureInfo)
System.Reflection.MethodBase:Invoke (object,object[])
UnityEditor.EditorAssemblies:ProcessInitializeOnLoadMethodAttributes ()

[ line 0]

Mono: successfully reloaded assembly
- Completed reload, in  0.591 seconds
Domain Reload Profiling:
	ReloadAssembly (592ms)
		BeginReloadAssembly (64ms)
			ExecutionOrderSort (0ms)
			DisableScriptedObjects (0ms)
			BackupInstance (0ms)
			ReleaseScriptingObjects (0ms)
			CreateAndSetChildDomain (1ms)
		EndReloadAssembly (449ms)
			LoadAssemblies (62ms)
			RebuildTransferFunctionScriptingTraits (0ms)
			SetupTypeCache (165ms)
			ReleaseScriptCaches (0ms)
			RebuildScriptCaches (34ms)
			SetupLoadedEditorAssemblies (140ms)
				LogAssemblyErrors (0ms)
				InitializePlatformSupportModulesInManaged (6ms)
				SetLoadedEditorAssemblies (0ms)
				RefreshPlugins (2ms)
				BeforeProcessingInitializeOnLoad (10ms)
				ProcessInitializeOnLoadAttributes (92ms)
				ProcessInitializeOnLoadMethodAttributes (31ms)
				AfterProcessingInitializeOnLoad (0ms)
				EditorAssembliesLoaded (0ms)
			ExecutionOrderSort2 (0ms)
			AwakeInstancesAfterBackupRestoration (0ms)
Platform modules already initialized, skipping
Registering precompiled user dll's ...
Registered in 0.000025 seconds.
Begin MonoManager ReloadAssembly
Native extension for WindowsStandalone target not found
Refreshing native plugins compatible for Editor in 0.03 ms, found 0 plugins.
Preloading 0 native plugins for Editor in 0.00 ms.
Mono: successfully reloaded assembly
- Completed reload, in  0.754 seconds
Domain Reload Profiling:
	ReloadAssembly (755ms)
		BeginReloadAssembly (159ms)
			ExecutionOrderSort (0ms)
			DisableScriptedObjects (5ms)
			BackupInstance (0ms)
			ReleaseScriptingObjects (0ms)
			CreateAndSetChildDomain (21ms)
		EndReloadAssembly (530ms)
			LoadAssemblies (55ms)
			RebuildTransferFunctionScriptingTraits (0ms)
			SetupTypeCache (164ms)
			ReleaseScriptCaches (0ms)
			RebuildScriptCaches (31ms)
			SetupLoadedEditorAssemblies (199ms)
				LogAssemblyErrors (0ms)
				InitializePlatformSupportModulesInManaged (4ms)
				SetLoadedEditorAssemblies (1ms)
				RefreshPlugins (0ms)
				BeforeProcessingInitializeOnLoad (27ms)
				ProcessInitializeOnLoadAttributes (150ms)
				ProcessInitializeOnLoadMethodAttributes (10ms)
				AfterProcessingInitializeOnLoad (6ms)
				EditorAssembliesLoaded (0ms)
			ExecutionOrderSort2 (0ms)
			AwakeInstancesAfterBackupRestoration (3ms)
Platform modules already initialized, skipping
========================================================================
Worker process is ready to serve import requests
Launched and connected shader compiler UnityShaderCompiler.exe after 0.05 seconds
Refreshing native plugins compatible for Editor in 0.03 ms, found 0 plugins.
Preloading 0 native plugins for Editor in 0.00 ms.
Unloading 7 Unused Serialized files (Serialized files now loaded: 0)
System memory in use before: 24.4 MB.
System memory in use after: 24.3 MB.

Unloading 2 unused Assets to reduce memory usage. Loaded Objects now: 447.
Total: 3.848400 ms (FindLiveObjects: 0.045800 ms CreateObjectMapping: 0.004700 ms MarkObjects: 3.731600 ms  DeleteObjects: 0.064900 ms)

AssetImportParameters requested are different than current active one (requested -> active):
  custom:framework-win-MediaFoundation: 216162199b28c13a410421893ffa2e32 -> 
  custom:video-decoder-ogg-theora: a1e56fd34408186e4bbccfd4996cb3dc -> 
  custom:container-muxer-webm: aa71ff27fc2769a1b78a27578f13a17b -> 
  custom:container-demuxer-webm: 4f35f7cbe854078d1ac9338744f61a02 -> 
  custom:container-demuxer-ogg: 62fdf1f143b41e24485cea50d1cbac27 -> 
  custom:video-encoder-webm-vp8: eb34c28f22e8b96e1ab97ce403110664 -> 
  custom:video-decoder-webm-vp8: 9c59270c3fd7afecdb556c50c9e8de78 -> 
  custom:audio-decoder-ogg-vorbis: bf7c407c2cedff20999df2af8eb42d56 -> 
  custom:audio-encoder-webm-vorbis: bf7c407c2cedff20999df2af8eb42d56 -> 
========================================================================
Received Import Request.
  path: Assets/Map
  artifactKey: Guid(cce317b467adcc94cbe3c1cc388f6aae) Importer(815301076,1909f56bfc062723c751e8b465ee728b)
Start importing Assets/Map using Guid(cce317b467adcc94cbe3c1cc388f6aae) Importer(815301076,1909f56bfc062723c751e8b465ee728b)  -> (artifact id: '1ec7e718f30109927dec7a900ce3ef26') in 0.003519 seconds 
========================================================================
Received Import Request.
  Time since last request: 0.000414 seconds.
  path: Assets/Map/Terrain/MapTerrain.asset
  artifactKey: Guid(3024f3cde43118e498b9773b6852f606) Importer(815301076,1909f56bfc062723c751e8b465ee728b)
Start importing Assets/Map/Terrain/MapTerrain.asset using Guid(3024f3cde43118e498b9773b6852f606) Importer(815301076,1909f56bfc062723c751e8b465ee728b)  -> (artifact id: '28f545cd59e14161232328f138db8deb') in 0.046346 seconds 
========================================================================
Received Import Request.
  Time since last request: 0.000437 seconds.
  path: Assets/Map/Terrain/IslandTerrain.prefab
  artifactKey: Guid(625c49fe0cdfb21429b41a7f79469acf) Importer(815301076,1909f56bfc062723c751e8b465ee728b)
Start importing Assets/Map/Terrain/IslandTerrain.prefab using Guid(625c49fe0cdfb21429b41a7f79469acf) Importer(815301076,1909f56bfc062723c751e8b465ee728b)  -> (artifact id: '83e2e3360e3ea12a913b7a5af8126fda') in 0.023508 seconds 
========================================================================
Received Import Request.
  Time since last request: 0.000223 seconds.
  path: Assets/Map/Terrain
  artifactKey: Guid(ad6ec5e701b1f784cad1971bf81d322a) Importer(815301076,1909f56bfc062723c751e8b465ee728b)
Start importing Assets/Map/Terrain using Guid(ad6ec5e701b1f784cad1971bf81d322a) Importer(815301076,1909f56bfc062723c751e8b465ee728b)  -> (artifact id: '935c430daeeb33d867da801c76f8a4bf') in 0.003104 seconds 
========================================================================
Received Import Request.
  Time since last request: 142.559207 seconds.
  path: Assets/Map/Terrain/Terrains
  artifactKey: Guid(e4de6de5b6706064d860c447683f6fba) Importer(815301076,1909f56bfc062723c751e8b465ee728b)
Start importing Assets/Map/Terrain/Terrains using Guid(e4de6de5b6706064d860c447683f6fba) Importer(815301076,1909f56bfc062723c751e8b465ee728b)  -> (artifact id: 'aca4a8b24abaf54c305d375b8b22d96f') in 0.002825 seconds 
========================================================================
Received Import Request.
  Time since last request: 0.049298 seconds.
  path: Assets/Map/Terrain/Terrains/MapTerrain.asset
  artifactKey: Guid(53813ca882260864188094368426c80b) Importer(815301076,1909f56bfc062723c751e8b465ee728b)
Start importing Assets/Map/Terrain/Terrains/MapTerrain.asset using Guid(53813ca882260864188094368426c80b) Importer(815301076,1909f56bfc062723c751e8b465ee728b)  -> (artifact id: '2d9ccd21a24ee1bd61c7feec9a569d19') in 0.010134 seconds 
========================================================================
Received Import Request.
  Time since last request: 0.000186 seconds.
  path: Assets/Map/Terrain/Terrains/TerrainData_01d559c7-c8ec-4520-88cc-b3dedc640e0a.asset
  artifactKey: Guid(6665521a38d887c488605c956868a9cf) Importer(815301076,1909f56bfc062723c751e8b465ee728b)
Start importing Assets/Map/Terrain/Terrains/TerrainData_01d559c7-c8ec-4520-88cc-b3dedc640e0a.asset using Guid(6665521a38d887c488605c956868a9cf) Importer(815301076,1909f56bfc062723c751e8b465ee728b)  -> (artifact id: '6d855de31f6ead93a97f1a215d4e5069') in 0.007888 seconds 
========================================================================
Received Import Request.
  Time since last request: 0.000182 seconds.
  path: Assets/Map/Terrain/Terrains/TerrainData_c1d580f2-0668-4580-996d-fa91f7c86cd7.asset
  artifactKey: Guid(61cba510ed007e9489f97f43d5a69b19) Importer(815301076,1909f56bfc062723c751e8b465ee728b)
Start importing Assets/Map/Terrain/Terrains/TerrainData_c1d580f2-0668-4580-996d-fa91f7c86cd7.asset using Guid(61cba510ed007e9489f97f43d5a69b19) Importer(815301076,1909f56bfc062723c751e8b465ee728b)  -> (artifact id: '28e1f1905cbdc0192f0f99a100d03810') in 0.008079 seconds 
========================================================================
Received Import Request.
  Time since last request: 0.000270 seconds.
  path: Assets/Map/Terrain/Terrains/TerrainData_a1000c70-4a6a-482e-947e-1770a1332f22.asset
  artifactKey: Guid(cef31a4e2b09ec94f8286b9bcb0125f6) Importer(815301076,1909f56bfc062723c751e8b465ee728b)
Start importing Assets/Map/Terrain/Terrains/TerrainData_a1000c70-4a6a-482e-947e-1770a1332f22.asset using Guid(cef31a4e2b09ec94f8286b9bcb0125f6) Importer(815301076,1909f56bfc062723c751e8b465ee728b)  -> (artifact id: '4324b88981f5c942e1723166f988b9c0') in 0.012468 seconds 
========================================================================
Received Import Request.
  Time since last request: 0.000281 seconds.
  path: Assets/Map/Terrain/Terrains/TerrainData_8776b201-1a12-48f9-a5da-ef61130592e9.asset
  artifactKey: Guid(1adca80dfa4122740a46d88b1e642a60) Importer(815301076,1909f56bfc062723c751e8b465ee728b)
Start importing Assets/Map/Terrain/Terrains/TerrainData_8776b201-1a12-48f9-a5da-ef61130592e9.asset using Guid(1adca80dfa4122740a46d88b1e642a60) Importer(815301076,1909f56bfc062723c751e8b465ee728b)  -> (artifact id: '6569320fe69bcc9b15fbf679e2e52911') in 0.008599 seconds 
========================================================================
Received Import Request.
  Time since last request: 0.000382 seconds.
  path: Assets/Map/Terrain/Terrains/TerrainData_9c1d6988-eaa0-470c-8d8a-2d5d1cb353e0.asset
  artifactKey: Guid(41b5db436dab842418f5a0b35be9572f) Importer(815301076,1909f56bfc062723c751e8b465ee728b)
Start importing Assets/Map/Terrain/Terrains/TerrainData_9c1d6988-eaa0-470c-8d8a-2d5d1cb353e0.asset using Guid(41b5db436dab842418f5a0b35be9572f) Importer(815301076,1909f56bfc062723c751e8b465ee728b)  -> (artifact id: '7cde840592c61d9318d11444a35339db') in 0.010744 seconds 
========================================================================
Received Import Request.
  Time since last request: 0.000258 seconds.
  path: Assets/Map/Terrain/Terrains/TerrainData_f22f8a2d-6a2b-4bd9-bb13-61b6d8a652de.asset
  artifactKey: Guid(235e85cb3c3b56b40aea7f7166acb225) Importer(815301076,1909f56bfc062723c751e8b465ee728b)
Start importing Assets/Map/Terrain/Terrains/TerrainData_f22f8a2d-6a2b-4bd9-bb13-61b6d8a652de.asset using Guid(235e85cb3c3b56b40aea7f7166acb225) Importer(815301076,1909f56bfc062723c751e8b465ee728b)  -> (artifact id: '5f307de85b3e5e3c4cf384bcc20785ba') in 0.008691 seconds 
========================================================================
Received Import Request.
  Time since last request: 0.000200 seconds.
  path: Assets/Map/Terrain/Terrains/TerrainData_fc5e12b6-c207-4278-837e-b0dfcf67df1a.asset
  artifactKey: Guid(5274b65b83f9db443a73dce3a323807f) Importer(815301076,1909f56bfc062723c751e8b465ee728b)
Start importing Assets/Map/Terrain/Terrains/TerrainData_fc5e12b6-c207-4278-837e-b0dfcf67df1a.asset using Guid(5274b65b83f9db443a73dce3a323807f) Importer(815301076,1909f56bfc062723c751e8b465ee728b)  -> (artifact id: '3ecbdaeabc4f7da4fcae55a24565f471') in 0.008951 seconds 
========================================================================
Received Import Request.
  Time since last request: 0.000216 seconds.
  path: Assets/Map/Terrain/Terrains/TerrainData_d5822651-2914-4a2c-9cd7-9b2dea15761a.asset
  artifactKey: Guid(2b0d4ad18d36f4144af0d253c179e475) Importer(815301076,1909f56bfc062723c751e8b465ee728b)
Start importing Assets/Map/Terrain/Terrains/TerrainData_d5822651-2914-4a2c-9cd7-9b2dea15761a.asset using Guid(2b0d4ad18d36f4144af0d253c179e475) Importer(815301076,1909f56bfc062723c751e8b465ee728b)  -> (artifact id: '118fa406b7c51bec611f14ce7bdc9fa1') in 0.009496 seconds 
========================================================================
Received Import Request.
  Time since last request: 0.000193 seconds.
  path: Assets/Map/Terrain/Terrains/TerrainData_e47466a9-d5d5-45b5-a201-af9459e256a9.asset
  artifactKey: Guid(8fa24178635a53146a37f48eaf82a808) Importer(815301076,1909f56bfc062723c751e8b465ee728b)
Start importing Assets/Map/Terrain/Terrains/TerrainData_e47466a9-d5d5-45b5-a201-af9459e256a9.asset using Guid(8fa24178635a53146a37f48eaf82a808) Importer(815301076,1909f56bfc062723c751e8b465ee728b)  -> (artifact id: 'bc3b49bfd73e5dd09577ac36840dbcae') in 0.008983 seconds 
========================================================================
Received Import Request.
  Time since last request: 0.000297 seconds.
  path: Assets/Map/Terrain/Terrains/TerrainData_ad89e1a9-effe-4c1b-8db9-8732764d81df.asset
  artifactKey: Guid(e98f0df0f801a23498eeed532b924793) Importer(815301076,1909f56bfc062723c751e8b465ee728b)
Start importing Assets/Map/Terrain/Terrains/TerrainData_ad89e1a9-effe-4c1b-8db9-8732764d81df.asset using Guid(e98f0df0f801a23498eeed532b924793) Importer(815301076,1909f56bfc062723c751e8b465ee728b)  -> (artifact id: '93516f1f1e4b37b461fb3bf68b8262c5') in 0.008303 seconds 
========================================================================
Received Import Request.
  Time since last request: 0.000179 seconds.
  path: Assets/Map/Terrain/Terrains/TerrainData_3abb121b-66dc-4a70-bd37-8430e92ca34f.asset
  artifactKey: Guid(049cd0eaa17ede94c8a62bc544b6fe42) Importer(815301076,1909f56bfc062723c751e8b465ee728b)
Start importing Assets/Map/Terrain/Terrains/TerrainData_3abb121b-66dc-4a70-bd37-8430e92ca34f.asset using Guid(049cd0eaa17ede94c8a62bc544b6fe42) Importer(815301076,1909f56bfc062723c751e8b465ee728b)  -> (artifact id: 'd6215ccca3b4332b872cfd0cb87a0ae1') in 0.007197 seconds 
========================================================================
Received Import Request.
  Time since last request: 0.000322 seconds.
  path: Assets/Map/Terrain/Terrains/TerrainData_99d09394-a27c-4771-8d36-ac420e98ee47.asset
  artifactKey: Guid(16fcdedda8f52eb428ee664223d7c1c4) Importer(815301076,1909f56bfc062723c751e8b465ee728b)
Start importing Assets/Map/Terrain/Terrains/TerrainData_99d09394-a27c-4771-8d36-ac420e98ee47.asset using Guid(16fcdedda8f52eb428ee664223d7c1c4) Importer(815301076,1909f56bfc062723c751e8b465ee728b)  -> (artifact id: '0c5a52a596063e17b318908c6d286c27') in 0.009092 seconds 
========================================================================
Received Import Request.
  Time since last request: 0.000179 seconds.
  path: Assets/Map/Terrain/Terrains/TerrainData_8189ecc8-6ed5-4cd5-b992-d70d3abde40b.asset
  artifactKey: Guid(4eb9aa3040d46ee43acb92497aecfdfd) Importer(815301076,1909f56bfc062723c751e8b465ee728b)
Start importing Assets/Map/Terrain/Terrains/TerrainData_8189ecc8-6ed5-4cd5-b992-d70d3abde40b.asset using Guid(4eb9aa3040d46ee43acb92497aecfdfd) Importer(815301076,1909f56bfc062723c751e8b465ee728b)  -> (artifact id: '90fe6eb2e3bea039b6ca72cd3e078836') in 0.008752 seconds 
========================================================================
Received Import Request.
  Time since last request: 0.000190 seconds.
  path: Assets/Map/Terrain/Terrains/TerrainData_0340a5d4-1c93-4884-8841-561fbe3280d1.asset
  artifactKey: Guid(a3e73e437f3a35b46a91356a1beb0abd) Importer(815301076,1909f56bfc062723c751e8b465ee728b)
Start importing Assets/Map/Terrain/Terrains/TerrainData_0340a5d4-1c93-4884-8841-561fbe3280d1.asset using Guid(a3e73e437f3a35b46a91356a1beb0abd) Importer(815301076,1909f56bfc062723c751e8b465ee728b)  -> (artifact id: '4f1c39ee053e2aab6bdb1faf9dad91fa') in 0.008291 seconds 
========================================================================
Received Import Request.
  Time since last request: 0.000284 seconds.
  path: Assets/Map/Terrain/Terrains/TerrainData_6bfab5bc-2d10-4c9c-a32d-c43d8345048f.asset
  artifactKey: Guid(8a089daaf90c6db4fb2a6f28691d2a0a) Importer(815301076,1909f56bfc062723c751e8b465ee728b)
Start importing Assets/Map/Terrain/Terrains/TerrainData_6bfab5bc-2d10-4c9c-a32d-c43d8345048f.asset using Guid(8a089daaf90c6db4fb2a6f28691d2a0a) Importer(815301076,1909f56bfc062723c751e8b465ee728b)  -> (artifact id: 'db7c3f2b510be604856e13da22550bb9') in 0.007975 seconds 
========================================================================
Received Import Request.
  Time since last request: 0.000223 seconds.
  path: Assets/Map/Terrain/Terrains/TerrainData_1495b962-fff1-414a-9d4b-5f96556070f9.asset
  artifactKey: Guid(ca63bba35ea474543835599536022633) Importer(815301076,1909f56bfc062723c751e8b465ee728b)
Start importing Assets/Map/Terrain/Terrains/TerrainData_1495b962-fff1-414a-9d4b-5f96556070f9.asset using Guid(ca63bba35ea474543835599536022633) Importer(815301076,1909f56bfc062723c751e8b465ee728b)  -> (artifact id: 'c9c30248abef73f78f902916622fa9f7') in 0.007880 seconds 
========================================================================
Received Import Request.
  Time since last request: 0.000270 seconds.
  path: Assets/Map/Terrain/Terrains/TerrainData_ff257c71-cb7f-4151-9554-c58174d47517.asset
  artifactKey: Guid(d337772ef34120245a98cc07a0d5d387) Importer(815301076,1909f56bfc062723c751e8b465ee728b)
Start importing Assets/Map/Terrain/Terrains/TerrainData_ff257c71-cb7f-4151-9554-c58174d47517.asset using Guid(d337772ef34120245a98cc07a0d5d387) Importer(815301076,1909f56bfc062723c751e8b465ee728b)  -> (artifact id: 'ecc9af0cea515c94ad5cdc648c707b3c') in 0.009648 seconds 
========================================================================
Received Import Request.
  Time since last request: 0.000318 seconds.
  path: Assets/Map/Terrain/Terrains/TerrainData_e818d63e-4790-4b94-acb3-adca4dec8e7d.asset
  artifactKey: Guid(83a302629fd8e3c469d4bf4b3d786655) Importer(815301076,1909f56bfc062723c751e8b465ee728b)
Start importing Assets/Map/Terrain/Terrains/TerrainData_e818d63e-4790-4b94-acb3-adca4dec8e7d.asset using Guid(83a302629fd8e3c469d4bf4b3d786655) Importer(815301076,1909f56bfc062723c751e8b465ee728b)  -> (artifact id: '1649f53a85c51315c202e8e0cb757a22') in 0.008979 seconds 
========================================================================
Received Import Request.
  Time since last request: 0.000369 seconds.
  path: Assets/Map/Terrain/Terrains/TerrainData_9aa35589-cf85-4673-af8f-756d7e904424.asset
  artifactKey: Guid(83a06dd36ab4a974e9420788edd380cc) Importer(815301076,1909f56bfc062723c751e8b465ee728b)
Start importing Assets/Map/Terrain/Terrains/TerrainData_9aa35589-cf85-4673-af8f-756d7e904424.asset using Guid(83a06dd36ab4a974e9420788edd380cc) Importer(815301076,1909f56bfc062723c751e8b465ee728b)  -> (artifact id: 'c11763b981008ac7045ceb1b38abf7a2') in 0.007524 seconds 
========================================================================
Received Import Request.
  Time since last request: 0.000191 seconds.
  path: Assets/Map/Terrain/Terrains/TerrainData_89558545-5602-44cd-b171-c71d4acf86b8.asset
  artifactKey: Guid(1f80b2a74199e1044ad617ff6717c5ee) Importer(815301076,1909f56bfc062723c751e8b465ee728b)
Start importing Assets/Map/Terrain/Terrains/TerrainData_89558545-5602-44cd-b171-c71d4acf86b8.asset using Guid(1f80b2a74199e1044ad617ff6717c5ee) Importer(815301076,1909f56bfc062723c751e8b465ee728b)  -> (artifact id: '9ab0ca63b7862a9f1afd5ba512870417') in 0.008022 seconds 
========================================================================
Received Import Request.
  Time since last request: 0.000279 seconds.
  path: Assets/Map/Terrain/Terrains/TerrainData_cf9bbc18-e657-4ca7-ba7e-7e104a19ec2f.asset
  artifactKey: Guid(fe7726ca43ad4de4ab38bb5fa8869818) Importer(815301076,1909f56bfc062723c751e8b465ee728b)
Start importing Assets/Map/Terrain/Terrains/TerrainData_cf9bbc18-e657-4ca7-ba7e-7e104a19ec2f.asset using Guid(fe7726ca43ad4de4ab38bb5fa8869818) Importer(815301076,1909f56bfc062723c751e8b465ee728b)  -> (artifact id: '9326afa6b9a36cde96801edc4237a4af') in 0.007579 seconds 
========================================================================
Received Import Request.
  Time since last request: 0.000182 seconds.
  path: Assets/Map/Terrain/Terrains/TerrainData_efb1b3f1-83ce-4597-a217-0d8873378c16.asset
  artifactKey: Guid(c112784263821de429043ddbe20ba1ca) Importer(815301076,1909f56bfc062723c751e8b465ee728b)
Start importing Assets/Map/Terrain/Terrains/TerrainData_efb1b3f1-83ce-4597-a217-0d8873378c16.asset using Guid(c112784263821de429043ddbe20ba1ca) Importer(815301076,1909f56bfc062723c751e8b465ee728b)  -> (artifact id: 'b16ee1dbedd8f0df97fceb010f8492a7') in 0.007460 seconds 
========================================================================
Received Import Request.
  Time since last request: 0.000204 seconds.
  path: Assets/Map/Terrain/Terrains/TerrainData_be7e85e9-4cbd-4c55-924a-806bf19d2048.asset
  artifactKey: Guid(c62faf3c2bfe99a47b97623c3af74608) Importer(815301076,1909f56bfc062723c751e8b465ee728b)
Start importing Assets/Map/Terrain/Terrains/TerrainData_be7e85e9-4cbd-4c55-924a-806bf19d2048.asset using Guid(c62faf3c2bfe99a47b97623c3af74608) Importer(815301076,1909f56bfc062723c751e8b465ee728b)  -> (artifact id: '5aa9bd3463d0d3a905674ad42913866e') in 0.007948 seconds 
========================================================================
Received Import Request.
  Time since last request: 0.000256 seconds.
  path: Assets/Map/Terrain/Terrains/TerrainData_6bfef0e3-2c5f-4cb5-bec9-bbf05ec82594.asset
  artifactKey: Guid(34d8db15ad408e54ca40416d1c62dab2) Importer(815301076,1909f56bfc062723c751e8b465ee728b)
Start importing Assets/Map/Terrain/Terrains/TerrainData_6bfef0e3-2c5f-4cb5-bec9-bbf05ec82594.asset using Guid(34d8db15ad408e54ca40416d1c62dab2) Importer(815301076,1909f56bfc062723c751e8b465ee728b)  -> (artifact id: '2d49b901a5eeb4d5abee48f637a5a2bb') in 0.009767 seconds 
========================================================================
Received Import Request.
  Time since last request: 0.000225 seconds.
  path: Assets/Map/Terrain/Terrains/TerrainData_b4be5adf-ca7d-4977-8195-16c4287ee7aa.asset
  artifactKey: Guid(ecb035da6bd192749a13ac6ee58d9625) Importer(815301076,1909f56bfc062723c751e8b465ee728b)
Start importing Assets/Map/Terrain/Terrains/TerrainData_b4be5adf-ca7d-4977-8195-16c4287ee7aa.asset using Guid(ecb035da6bd192749a13ac6ee58d9625) Importer(815301076,1909f56bfc062723c751e8b465ee728b)  -> (artifact id: '9500ff052a0b4ea7fa0fab263187d2b3') in 0.008313 seconds 
========================================================================
Received Import Request.
  Time since last request: 0.000167 seconds.
  path: Assets/Map/Terrain/Terrains/TerrainData_c60fac19-188d-44c6-8bc3-461a5db46702.asset
  artifactKey: Guid(6043d2cf73862e24b976f9e6e8915c0c) Importer(815301076,1909f56bfc062723c751e8b465ee728b)
Start importing Assets/Map/Terrain/Terrains/TerrainData_c60fac19-188d-44c6-8bc3-461a5db46702.asset using Guid(6043d2cf73862e24b976f9e6e8915c0c) Importer(815301076,1909f56bfc062723c751e8b465ee728b)  -> (artifact id: '46b2ef37390ba1c8086e2b652ef65d6c') in 0.009199 seconds 
========================================================================
Received Import Request.
  Time since last request: 0.000210 seconds.
  path: Assets/Map/Terrain/Terrains/TerrainData_9487e8a5-ca41-43eb-a11e-695580c9c22a.asset
  artifactKey: Guid(404cdcc2cc5f31943ad6ebf9729dd7bc) Importer(815301076,1909f56bfc062723c751e8b465ee728b)
Start importing Assets/Map/Terrain/Terrains/TerrainData_9487e8a5-ca41-43eb-a11e-695580c9c22a.asset using Guid(404cdcc2cc5f31943ad6ebf9729dd7bc) Importer(815301076,1909f56bfc062723c751e8b465ee728b)  -> (artifact id: '18e82f9490d37b088bf3ea6e20f96c45') in 0.009509 seconds 
========================================================================
Received Import Request.
  Time since last request: 0.000251 seconds.
  path: Assets/Map/Terrain/Terrains/TerrainData_56b185ff-b5fa-44a3-9b20-c083f55f6d58.asset
  artifactKey: Guid(8057ea4af68455e40a7ab233525e3533) Importer(815301076,1909f56bfc062723c751e8b465ee728b)
Start importing Assets/Map/Terrain/Terrains/TerrainData_56b185ff-b5fa-44a3-9b20-c083f55f6d58.asset using Guid(8057ea4af68455e40a7ab233525e3533) Importer(815301076,1909f56bfc062723c751e8b465ee728b)  -> (artifact id: 'f0a812de22eb1cfeffeaa8ed221b04b1') in 0.008999 seconds 
========================================================================
Received Import Request.
  Time since last request: 4833.682315 seconds.
  path: Assets/Map/Terrain/MapTerrain.asset
  artifactKey: Guid(3024f3cde43118e498b9773b6852f606) Importer(815301076,1909f56bfc062723c751e8b465ee728b)
Start importing Assets/Map/Terrain/MapTerrain.asset using Guid(3024f3cde43118e498b9773b6852f606) Importer(815301076,1909f56bfc062723c751e8b465ee728b)  -> (artifact id: '0b80a8aaa8425490ebb6e09c188c3e9a') in 0.010752 seconds 
========================================================================
Received Import Request.
  Time since last request: 4778.916646 seconds.
  path: Assets/Map/Terrain/MapTerrain.asset
  artifactKey: Guid(3024f3cde43118e498b9773b6852f606) Importer(815301076,1909f56bfc062723c751e8b465ee728b)
Start importing Assets/Map/Terrain/MapTerrain.asset using Guid(3024f3cde43118e498b9773b6852f606) Importer(815301076,1909f56bfc062723c751e8b465ee728b)  -> (artifact id: 'b987be2e16545ab8f441ffd3226cd44d') in 0.010544 seconds 
AssetImportWorkerClient::OnTransportError - code=2 error=End of file
